<?xml version="1.0" encoding="UTF-8"?>
<!-- Generated by org.testng.reporters.JUnitXMLReporter -->
<testsuite ignored="0" hostname="EPBYMINW0970" failures="0" tests="4" name="test_positive_sum" time="0.035" errors="0" timestamp="23 Jun 2018 15:48:59 GMT">
  <testcase classname="SumCalculatorTest" name="test_positive_sum" time="0.002"/>
  <testcase classname="SumCalculatorTest" name="test_positive_sum" time="0.001"/>
  <testcase classname="SumCalculatorTest" name="test_positive_sum" time="0.0"/>
  <testcase classname="SumCalculatorTest" name="test_positive_sum" time="0.0"/>
</testsuite> <!-- test_positive_sum -->
