<?xml version="1.0" encoding="UTF-8"?>
<testng-results ignored="0" total="4" passed="4" failed="0" skipped="0">
  <reporter-output>
  </reporter-output>
  <suite started-at="2018-06-23T15:48:59Z" name="CDP Calculator" finished-at="2018-06-23T15:48:59Z" duration-ms="35">
    <groups>
    </groups>
    <test started-at="2018-06-23T15:48:59Z" name="test_positive_sum" finished-at="2018-06-23T15:48:59Z" duration-ms="35">
      <class name="SumCalculatorTest">
        <test-method is-config="true" signature="setUp()[pri:0, instance:SumCalculatorTest@18ce0030]" started-at="2018-06-23T15:48:59Z" name="setUp" finished-at="2018-06-23T15:48:59Z" duration-ms="11" status="PASS">
          <reporter-output>
          </reporter-output>
        </test-method> <!-- setUp -->
        <test-method signature="test_positive_sum(double, double, double)[pri:0, instance:SumCalculatorTest@18ce0030]" started-at="2018-06-23T15:48:59Z" name="test_positive_sum" data-provider="sumPositiveData" finished-at="2018-06-23T15:48:59Z" duration-ms="2" status="PASS">
          <params>
            <param index="0">
              <value>
                <![CDATA[1]]>
              </value>
            </param>
            <param index="1">
              <value>
                <![CDATA[0]]>
              </value>
            </param>
            <param index="2">
              <value>
                <![CDATA[1.0]]>
              </value>
            </param>
          </params>
          <reporter-output>
          </reporter-output>
        </test-method> <!-- test_positive_sum -->
        <test-method signature="test_positive_sum(double, double, double)[pri:0, instance:SumCalculatorTest@18ce0030]" started-at="2018-06-23T15:48:59Z" name="test_positive_sum" data-provider="sumPositiveData" finished-at="2018-06-23T15:48:59Z" duration-ms="1" status="PASS">
          <params>
            <param index="0">
              <value>
                <![CDATA[1]]>
              </value>
            </param>
            <param index="1">
              <value>
                <![CDATA[5]]>
              </value>
            </param>
            <param index="2">
              <value>
                <![CDATA[6.0]]>
              </value>
            </param>
          </params>
          <reporter-output>
          </reporter-output>
        </test-method> <!-- test_positive_sum -->
        <test-method signature="test_positive_sum(double, double, double)[pri:0, instance:SumCalculatorTest@18ce0030]" started-at="2018-06-23T15:48:59Z" name="test_positive_sum" data-provider="sumPositiveData" finished-at="2018-06-23T15:48:59Z" duration-ms="0" status="PASS">
          <params>
            <param index="0">
              <value>
                <![CDATA[0]]>
              </value>
            </param>
            <param index="1">
              <value>
                <![CDATA[0]]>
              </value>
            </param>
            <param index="2">
              <value>
                <![CDATA[0.0]]>
              </value>
            </param>
          </params>
          <reporter-output>
          </reporter-output>
        </test-method> <!-- test_positive_sum -->
        <test-method signature="test_positive_sum(double, double, double)[pri:0, instance:SumCalculatorTest@18ce0030]" started-at="2018-06-23T15:48:59Z" name="test_positive_sum" data-provider="sumPositiveData" finished-at="2018-06-23T15:48:59Z" duration-ms="0" status="PASS">
          <params>
            <param index="0">
              <value>
                <![CDATA[1]]>
              </value>
            </param>
            <param index="1">
              <value>
                <![CDATA[-1]]>
              </value>
            </param>
            <param index="2">
              <value>
                <![CDATA[0.0]]>
              </value>
            </param>
          </params>
          <reporter-output>
          </reporter-output>
        </test-method> <!-- test_positive_sum -->
      </class> <!-- SumCalculatorTest -->
    </test> <!-- test_positive_sum -->
  </suite> <!-- CDP Calculator -->
  <suite started-at="2018-06-23T15:48:59Z" name="SuiteOfTestsToRun" finished-at="2018-06-23T15:48:59Z" duration-ms="0">
    <groups>
    </groups>
  </suite> <!-- SuiteOfTestsToRun -->
</testng-results>
